Exporter version: 6.4.5, Blender version: 2.90.1
========= Conversion from Blender to Babylon.js =========
	Scene settings used :
		Inline textures     :  false
		Material Type       :  PBR
		Positions Precision :  4
		Normals Precision   :  3
		UVs Precision       :  3
		Vert Color Precision:  3
		Mat Weight Precision:  2
		Keep Z-up r-handed  :  no
		Texture directory   :  C:\Users\svent\Documents\sven-frankson\marble-run-simulator-viewer\datas\meshes\
	Python World class constructor completed
	WARNING: No active camera has been assigned, or is not in a currently selected Blender layer
	processing begun of mesh:  Plane
		WARNING: No materials have been assigned: 
		num positions      :  618
		num normals        :  618
		num tangents       :  0
		num uvs            :  1236
		num uvs2           :  0
		num colors         :  0
		num triangles      :  584
	processing begun of mesh:  Circle
		WARNING: No materials have been assigned: 
		num positions      :  476
		num normals        :  476
		num tangents       :  0
		num uvs            :  952
		num uvs2           :  0
		num colors         :  0
		num triangles      :  396
	processing begun of mesh:  Plane.001
		WARNING: No materials have been assigned: 
		num positions      :  618
		num normals        :  618
		num tangents       :  0
		num uvs            :  1236
		num uvs2           :  0
		num colors         :  0
		num triangles      :  584
	processing begun of mesh:  Circle.001
		WARNING: No materials have been assigned: 
		num positions      :  194
		num normals        :  194
		num tangents       :  0
		num uvs            :  388
		num uvs2           :  0
		num colors         :  0
		num triangles      :  336
========= Writing of JSON file started =========
	writing mesh:  Plane
	writing mesh:  Circle
	writing mesh:  Plane.001
	writing mesh:  Circle.001
========= Writing of JSON file completed =========
========= end of processing =========
elapsed time:  0 min, 0.2091 secs
